<?xml version="1.0" encoding="UTF-8"?>
<!-- Generated by org.testng.reporters.JUnitReportReporter -->
<testsuite hostname="LAPTOP-9C3U50K9" failures="0" tests="1" name="com.sddevops.DevOpsAssignment3.NewTest" time="0.006" errors="0" timestamp="2023-02-04T20:47:34 SGT" skipped="0">
  <testcase classname="com.sddevops.DevOpsAssignment3.NewTest" name="f" time="0.006"/>
</testsuite> <!-- com.sddevops.DevOpsAssignment3.NewTest -->
